<?xml version="1.0" encoding="UTF-8"?>
<testng-results skipped="0" failed="0" total="1" passed="1">
  <reporter-output>
  </reporter-output>
  <suite name="Command line suite" duration-ms="10662" started-at="2018-08-26T00:29:23Z" finished-at="2018-08-26T00:29:33Z">
    <groups>
    </groups>
    <test name="Command line test" duration-ms="10662" started-at="2018-08-26T00:29:23Z" finished-at="2018-08-26T00:29:33Z">
      <class name="com.dzeepublicplan.DppLoginPageTest">
        <test-method status="PASS" signature="setup()[pri:0, instance:com.dzeepublicplan.DppLoginPageTest@366e2eef]" name="setup" is-config="true" duration-ms="9274" started-at="2018-08-25T18:29:23Z" finished-at="2018-08-25T18:29:32Z">
          <reporter-output>
          </reporter-output>
        </test-method> <!-- setup -->
        <test-method status="PASS" signature="verifyDppLoginPageTest()[pri:0, instance:com.dzeepublicplan.DppLoginPageTest@366e2eef]" name="verifyDppLoginPageTest" duration-ms="1272" started-at="2018-08-25T18:29:32Z" finished-at="2018-08-25T18:29:33Z">
          <reporter-output>
          </reporter-output>
        </test-method> <!-- verifyDppLoginPageTest -->
        <test-method status="PASS" signature="teardown()[pri:0, instance:com.dzeepublicplan.DppLoginPageTest@366e2eef]" name="teardown" is-config="true" duration-ms="86" started-at="2018-08-25T18:29:33Z" finished-at="2018-08-25T18:29:33Z">
          <reporter-output>
          </reporter-output>
        </test-method> <!-- teardown -->
      </class> <!-- com.dzeepublicplan.DppLoginPageTest -->
    </test> <!-- Command line test -->
  </suite> <!-- Command line suite -->
</testng-results>
