<?xml version="1.0" encoding="UTF-8"?>
<testng-results skipped="0" failed="0" total="1" passed="1">
  <reporter-output>
  </reporter-output>
  <suite name="Dzeepublicplan Application  sanity Test  Automation Test Suite" duration-ms="21166" started-at="2018-08-26T00:12:54Z" finished-at="2018-08-26T00:13:15Z">
    <groups>
    </groups>
    <test name="Dzeepublicplan App Test Cases" duration-ms="21166" started-at="2018-08-26T00:12:54Z" finished-at="2018-08-26T00:13:15Z">
      <class name="com.dzeepublicplan.DppLoginPageTest">
        <test-method status="PASS" signature="setup()[pri:0, instance:com.dzeepublicplan.DppLoginPageTest@42d80b78]" name="setup" is-config="true" duration-ms="17269" started-at="2018-08-25T18:12:54Z" finished-at="2018-08-25T18:13:11Z">
          <reporter-output>
          </reporter-output>
        </test-method> <!-- setup -->
        <test-method status="PASS" signature="verifyDppLoginPageTest()[pri:0, instance:com.dzeepublicplan.DppLoginPageTest@42d80b78]" name="verifyDppLoginPageTest" duration-ms="1354" started-at="2018-08-25T18:13:11Z" finished-at="2018-08-25T18:13:12Z">
          <reporter-output>
          </reporter-output>
        </test-method> <!-- verifyDppLoginPageTest -->
        <test-method status="PASS" signature="teardown()[pri:0, instance:com.dzeepublicplan.DppLoginPageTest@42d80b78]" name="teardown" is-config="true" duration-ms="2524" started-at="2018-08-25T18:13:12Z" finished-at="2018-08-25T18:13:15Z">
          <reporter-output>
          </reporter-output>
        </test-method> <!-- teardown -->
      </class> <!-- com.dzeepublicplan.DppLoginPageTest -->
    </test> <!-- Dzeepublicplan App Test Cases -->
  </suite> <!-- Dzeepublicplan Application  sanity Test  Automation Test Suite -->
</testng-results>
